<?xml version="1.0" encoding="UTF-8"?>
<testng-results skipped="0" failed="0" total="0" passed="0">
  <reporter-output>
  </reporter-output>
  <suite name="org.rahulshettyacademy.BaseTest" duration-ms="3" started-at="2024-03-09T11:28:19Z" finished-at="2024-03-09T11:28:19Z">
    <groups>
    </groups>
    <test name="Command line test" duration-ms="3" started-at="2024-03-09T11:28:19Z" finished-at="2024-03-09T11:28:19Z">
    </test> <!-- Command line test -->
  </suite> <!-- org.rahulshettyacademy.BaseTest -->
</testng-results>
